2026-07-20 18:01:05,120 - TribeIQPlatform - INFO - Loaded development environment configurations.
2026-07-20 18:01:19,612 - TribeIQPlatform - INFO - Loaded development environment configurations.
2026-07-20 18:01:19,613 - TribeIQPlatform - INFO - Initializing MongoDB client connection pool...
2026-07-20 18:01:20,216 - TribeIQPlatform - INFO - MongoDB client connected successfully.
2026-07-20 18:02:48,131 - TribeIQPlatform - INFO - Loaded development environment configurations.
2026-07-20 18:02:48,132 - TribeIQPlatform - INFO - Initializing MongoDB client connection pool...
2026-07-20 18:02:48,618 - TribeIQPlatform - INFO - MongoDB client connected successfully.
2026-07-20 18:02:48,618 - TribeIQPlatform - INFO - Starting database bootstrap process...
2026-07-20 18:02:48,658 - TribeIQPlatform - INFO - Creating collection: users
2026-07-20 18:02:48,722 - TribeIQPlatform - INFO - Creating index for field 'User ID' on collection 'users'
2026-07-20 18:02:48,763 - TribeIQPlatform - INFO - Creating collection: properties
2026-07-20 18:02:48,820 - TribeIQPlatform - INFO - Creating index for field 'Property ID' on collection 'properties'
2026-07-20 18:02:48,859 - TribeIQPlatform - INFO - Creating collection: residents
2026-07-20 18:02:48,925 - TribeIQPlatform - INFO - Creating index for field 'Resident ID' on collection 'residents'
2026-07-20 18:02:48,982 - TribeIQPlatform - INFO - Creating index for field 'Property' on collection 'residents'
2026-07-20 18:02:49,026 - TribeIQPlatform - INFO - Creating collection: events
2026-07-20 18:02:49,090 - TribeIQPlatform - INFO - Creating index for field 'Event ID' on collection 'events'
2026-07-20 18:02:49,130 - TribeIQPlatform - INFO - Creating collection: calendar_events
2026-07-20 18:02:49,196 - TribeIQPlatform - INFO - Creating index for field 'Event ID' on collection 'calendar_events'
2026-07-20 18:02:49,245 - TribeIQPlatform - INFO - Creating index for field 'Date' on collection 'calendar_events'
2026-07-20 18:02:49,294 - TribeIQPlatform - INFO - Creating collection: recommendations
2026-07-20 18:02:49,356 - TribeIQPlatform - INFO - Creating index for field 'Date' on collection 'recommendations'
2026-07-20 18:02:49,398 - TribeIQPlatform - INFO - Creating collection: vendors
2026-07-20 18:02:49,463 - TribeIQPlatform - INFO - Creating index for field 'Vendor ID' on collection 'vendors'
2026-07-20 18:02:49,513 - TribeIQPlatform - INFO - Creating collection: materials
2026-07-20 18:02:49,570 - TribeIQPlatform - INFO - Creating index for field 'Category' on collection 'materials'
2026-07-20 18:02:49,612 - TribeIQPlatform - INFO - Creating collection: stalls
2026-07-20 18:02:49,685 - TribeIQPlatform - INFO - Creating index for field 'Stall ID' on collection 'stalls'
2026-07-20 18:02:49,726 - TribeIQPlatform - INFO - Creating collection: external_events
2026-07-20 18:02:49,792 - TribeIQPlatform - INFO - Creating index for field 'Event ID' on collection 'external_events'
2026-07-20 18:02:49,840 - TribeIQPlatform - INFO - Creating index for field 'Start Date' on collection 'external_events'
2026-07-20 18:02:49,890 - TribeIQPlatform - INFO - Creating collection: settings
2026-07-20 18:02:49,955 - TribeIQPlatform - INFO - Creating index for field 'key' on collection 'settings'
2026-07-20 18:02:49,994 - TribeIQPlatform - INFO - Database bootstrap completed successfully.
2026-07-20 18:03:01,135 - TribeIQPlatform - INFO - Loaded development environment configurations.
2026-07-20 18:03:01,587 - TribeIQPlatform - INFO - Initializing MongoDB client connection pool...
2026-07-20 18:03:02,114 - TribeIQPlatform - INFO - MongoDB client connected successfully.
2026-07-20 18:03:11,384 - TribeIQPlatform - INFO - Loaded development environment configurations.
2026-07-20 18:03:11,749 - TribeIQPlatform - INFO - Initializing MongoDB client connection pool...
2026-07-20 18:03:12,225 - TribeIQPlatform - INFO - MongoDB client connected successfully.
2026-07-20 18:03:45,981 - TribeIQPlatform - INFO - Loaded development environment configurations.
2026-07-20 18:03:59,392 - TribeIQPlatform - INFO - Loaded development environment configurations.
2026-07-20 18:04:34,777 - TribeIQPlatform - INFO - Loaded development environment configurations.
2026-07-20 18:07:58,918 - TribeIQPlatform - INFO - Loaded development environment configurations.
2026-07-20 18:07:59,271 - TribeIQPlatform - INFO - Initializing MongoDB client connection pool...
2026-07-20 18:07:59,707 - TribeIQPlatform - INFO - MongoDB client connected successfully.
2026-07-20 18:08:01,975 - TribeIQPlatform - INFO - User created: 'admin' with role 'Admin' by administrator.
2026-07-20 18:08:08,758 - TribeIQPlatform - INFO - Loaded development environment configurations.
2026-07-20 18:08:08,763 - TribeIQPlatform - INFO - Initializing MongoDB client connection pool...
2026-07-20 18:08:09,214 - TribeIQPlatform - INFO - MongoDB client connected successfully.
2026-07-20 18:10:53,567 - TribeIQPlatform - INFO - Loaded development environment configurations.
2026-07-20 18:11:36,081 - TribeIQPlatform - INFO - Loaded development environment configurations.
2026-07-20 18:11:36,377 - TribeIQPlatform - INFO - Initializing MongoDB client connection pool...
2026-07-20 18:11:38,426 - TribeIQPlatform - INFO - MongoDB client connected successfully.
2026-07-20 18:11:40,226 - TribeIQPlatform - INFO - User created: 'test_user_auth' with role 'Community Manager' by administrator.
2026-07-20 18:12:14,017 - TribeIQPlatform - INFO - Loaded development environment configurations.
2026-07-20 18:12:14,492 - TribeIQPlatform - INFO - Initializing MongoDB client connection pool...
2026-07-20 18:12:16,959 - TribeIQPlatform - INFO - MongoDB client connected successfully.
2026-07-20 18:12:18,554 - TribeIQPlatform - INFO - User created: 'test_user_auth' with role 'Community Manager' by administrator.
2026-07-20 18:12:29,043 - TribeIQPlatform - INFO - Successful login: User 'test_user_auth' logged in.
2026-07-20 18:12:33,283 - TribeIQPlatform - WARNING - Failed login attempt: Incorrect password for user 'test_user_auth'.
2026-07-20 18:12:33,906 - TribeIQPlatform - WARNING - Failed login attempt: Incorrect password for user 'test_user_auth'.
2026-07-20 18:12:35,151 - TribeIQPlatform - WARNING - Failed login attempt: Incorrect password for user 'test_user_auth'.
2026-07-20 18:12:35,865 - TribeIQPlatform - WARNING - Failed login attempt: Incorrect password for user 'test_user_auth'.
2026-07-20 18:12:36,522 - TribeIQPlatform - WARNING - Account locked: User 'test_user_auth' reached max failed attempts.
2026-07-20 18:17:21,124 - TribeIQPlatform - INFO - Loaded development environment configurations.
2026-07-20 18:17:21,126 - TribeIQPlatform - INFO - Initializing MongoDB client connection pool...
2026-07-20 18:17:42,444 - TribeIQPlatform - ERROR - Failed to connect to MongoDB Atlas: The resolution lifetime expired after 21.157 seconds: Server Do53:192.168.29.1@53 answered The DNS operation timed out.; Server Do53:192.168.29.1@53 answered The DNS operation timed out.; Server Do53:192.168.29.1@53 answered The DNS operation timed out.; Server Do53:192.168.29.1@53 answered The DNS operation timed out.; Server Do53:192.168.29.1@53 answered The DNS operation timed out.; Server Do53:192.168.29.1@53 answered The DNS operation timed out.; Server Do53:192.168.29.1@53 answered The DNS operation timed out.
2026-07-20 18:24:20,177 - TribeIQPlatform - INFO - Loaded development environment configurations.
2026-07-20 18:24:20,468 - TribeIQPlatform - INFO - Initializing MongoDB client connection pool...
2026-07-20 18:24:25,801 - TribeIQPlatform - WARNING - MongoDB ping check failed: SSL handshake failed: ac-fqcyg3r-shard-00-02.vmxhzpl.mongodb.net:27017: [SSL: TLSV1_ALERT_INTERNAL_ERROR] tlsv1 alert internal error (_ssl.c:1000) (configured timeouts: socketTimeoutMS: 20000.0ms, connectTimeoutMS: 20000.0ms),SSL handshake failed: ac-fqcyg3r-shard-00-00.vmxhzpl.mongodb.net:27017: [SSL: TLSV1_ALERT_INTERNAL_ERROR] tlsv1 alert internal error (_ssl.c:1000) (configured timeouts: socketTimeoutMS: 20000.0ms, connectTimeoutMS: 20000.0ms),SSL handshake failed: ac-fqcyg3r-shard-00-01.vmxhzpl.mongodb.net:27017: [SSL: TLSV1_ALERT_INTERNAL_ERROR] tlsv1 alert internal error (_ssl.c:1000) (configured timeouts: socketTimeoutMS: 20000.0ms, connectTimeoutMS: 20000.0ms), Timeout: 5.0s, Topology Description: <TopologyDescription id: 6a5e1a7cdd799b994bfe3345, topology_type: ReplicaSetNoPrimary, servers: [<ServerDescription ('ac-fqcyg3r-shard-00-00.vmxhzpl.mongodb.net', 27017) server_type: Unknown, rtt: None, error=AutoReconnect('SSL handshake failed: ac-fqcyg3r-shard-00-00.vmxhzpl.mongodb.net:27017: [SSL: TLSV1_ALERT_INTERNAL_ERROR] tlsv1 alert internal error (_ssl.c:1000) (configured timeouts: socketTimeoutMS: 20000.0ms, connectTimeoutMS: 20000.0ms)')>, <ServerDescription ('ac-fqcyg3r-shard-00-01.vmxhzpl.mongodb.net', 27017) server_type: Unknown, rtt: None, error=AutoReconnect('SSL handshake failed: ac-fqcyg3r-shard-00-01.vmxhzpl.mongodb.net:27017: [SSL: TLSV1_ALERT_INTERNAL_ERROR] tlsv1 alert internal error (_ssl.c:1000) (configured timeouts: socketTimeoutMS: 20000.0ms, connectTimeoutMS: 20000.0ms)')>, <ServerDescription ('ac-fqcyg3r-shard-00-02.vmxhzpl.mongodb.net', 27017) server_type: Unknown, rtt: None, error=AutoReconnect('SSL handshake failed: ac-fqcyg3r-shard-00-02.vmxhzpl.mongodb.net:27017: [SSL: TLSV1_ALERT_INTERNAL_ERROR] tlsv1 alert internal error (_ssl.c:1000) (configured timeouts: socketTimeoutMS: 20000.0ms, connectTimeoutMS: 20000.0ms)')>]>
2026-07-20 18:24:25,803 - TribeIQPlatform - INFO - MongoDB client connected successfully.
2026-07-20 18:24:41,424 - TribeIQPlatform - INFO - Loaded development environment configurations.
2026-07-20 18:24:41,891 - TribeIQPlatform - INFO - Initializing MongoDB client connection pool...
2026-07-20 18:24:47,509 - TribeIQPlatform - WARNING - MongoDB ping check failed: SSL handshake failed: ac-fqcyg3r-shard-00-00.vmxhzpl.mongodb.net:27017: [SSL: TLSV1_ALERT_INTERNAL_ERROR] tlsv1 alert internal error (_ssl.c:1000) (configured timeouts: socketTimeoutMS: 20000.0ms, connectTimeoutMS: 20000.0ms),SSL handshake failed: ac-fqcyg3r-shard-00-02.vmxhzpl.mongodb.net:27017: [SSL: TLSV1_ALERT_INTERNAL_ERROR] tlsv1 alert internal error (_ssl.c:1000) (configured timeouts: socketTimeoutMS: 20000.0ms, connectTimeoutMS: 20000.0ms),SSL handshake failed: ac-fqcyg3r-shard-00-01.vmxhzpl.mongodb.net:27017: [SSL: TLSV1_ALERT_INTERNAL_ERROR] tlsv1 alert internal error (_ssl.c:1000) (configured timeouts: socketTimeoutMS: 20000.0ms, connectTimeoutMS: 20000.0ms), Timeout: 5.0s, Topology Description: <TopologyDescription id: 6a5e1a914d9987729ce5a73f, topology_type: ReplicaSetNoPrimary, servers: [<ServerDescription ('ac-fqcyg3r-shard-00-00.vmxhzpl.mongodb.net', 27017) server_type: Unknown, rtt: None, error=AutoReconnect('SSL handshake failed: ac-fqcyg3r-shard-00-00.vmxhzpl.mongodb.net:27017: [SSL: TLSV1_ALERT_INTERNAL_ERROR] tlsv1 alert internal error (_ssl.c:1000) (configured timeouts: socketTimeoutMS: 20000.0ms, connectTimeoutMS: 20000.0ms)')>, <ServerDescription ('ac-fqcyg3r-shard-00-01.vmxhzpl.mongodb.net', 27017) server_type: Unknown, rtt: None, error=AutoReconnect('SSL handshake failed: ac-fqcyg3r-shard-00-01.vmxhzpl.mongodb.net:27017: [SSL: TLSV1_ALERT_INTERNAL_ERROR] tlsv1 alert internal error (_ssl.c:1000) (configured timeouts: socketTimeoutMS: 20000.0ms, connectTimeoutMS: 20000.0ms)')>, <ServerDescription ('ac-fqcyg3r-shard-00-02.vmxhzpl.mongodb.net', 27017) server_type: Unknown, rtt: None, error=AutoReconnect('SSL handshake failed: ac-fqcyg3r-shard-00-02.vmxhzpl.mongodb.net:27017: [SSL: TLSV1_ALERT_INTERNAL_ERROR] tlsv1 alert internal error (_ssl.c:1000) (configured timeouts: socketTimeoutMS: 20000.0ms, connectTimeoutMS: 20000.0ms)')>]>
2026-07-20 18:24:47,512 - TribeIQPlatform - INFO - MongoDB client connected successfully.
2026-07-20 18:26:50,387 - TribeIQPlatform - INFO - Loaded development environment configurations.
2026-07-20 18:26:50,392 - TribeIQPlatform - INFO - Initializing MongoDB client connection pool...
2026-07-20 18:26:55,691 - TribeIQPlatform - WARNING - MongoDB ping check failed: SSL handshake failed: ac-fqcyg3r-shard-00-00.vmxhzpl.mongodb.net:27017: [SSL: TLSV1_ALERT_INTERNAL_ERROR] tlsv1 alert internal error (_ssl.c:1000) (configured timeouts: socketTimeoutMS: 20000.0ms, connectTimeoutMS: 20000.0ms),SSL handshake failed: ac-fqcyg3r-shard-00-01.vmxhzpl.mongodb.net:27017: [SSL: TLSV1_ALERT_INTERNAL_ERROR] tlsv1 alert internal error (_ssl.c:1000) (configured timeouts: socketTimeoutMS: 20000.0ms, connectTimeoutMS: 20000.0ms),SSL handshake failed: ac-fqcyg3r-shard-00-02.vmxhzpl.mongodb.net:27017: [SSL: TLSV1_ALERT_INTERNAL_ERROR] tlsv1 alert internal error (_ssl.c:1000) (configured timeouts: socketTimeoutMS: 20000.0ms, connectTimeoutMS: 20000.0ms), Timeout: 5.0s, Topology Description: <TopologyDescription id: 6a5e1b1204b6f0193e638758, topology_type: ReplicaSetNoPrimary, servers: [<ServerDescription ('ac-fqcyg3r-shard-00-00.vmxhzpl.mongodb.net', 27017) server_type: Unknown, rtt: None, error=AutoReconnect('SSL handshake failed: ac-fqcyg3r-shard-00-00.vmxhzpl.mongodb.net:27017: [SSL: TLSV1_ALERT_INTERNAL_ERROR] tlsv1 alert internal error (_ssl.c:1000) (configured timeouts: socketTimeoutMS: 20000.0ms, connectTimeoutMS: 20000.0ms)')>, <ServerDescription ('ac-fqcyg3r-shard-00-01.vmxhzpl.mongodb.net', 27017) server_type: Unknown, rtt: None, error=AutoReconnect('SSL handshake failed: ac-fqcyg3r-shard-00-01.vmxhzpl.mongodb.net:27017: [SSL: TLSV1_ALERT_INTERNAL_ERROR] tlsv1 alert internal error (_ssl.c:1000) (configured timeouts: socketTimeoutMS: 20000.0ms, connectTimeoutMS: 20000.0ms)')>, <ServerDescription ('ac-fqcyg3r-shard-00-02.vmxhzpl.mongodb.net', 27017) server_type: Unknown, rtt: None, error=AutoReconnect('SSL handshake failed: ac-fqcyg3r-shard-00-02.vmxhzpl.mongodb.net:27017: [SSL: TLSV1_ALERT_INTERNAL_ERROR] tlsv1 alert internal error (_ssl.c:1000) (configured timeouts: socketTimeoutMS: 20000.0ms, connectTimeoutMS: 20000.0ms)')>]>
2026-07-20 18:26:55,693 - TribeIQPlatform - INFO - MongoDB client connected successfully.
2026-07-20 18:27:01,025 - TribeIQPlatform - WARNING - MongoDB ping check failed: SSL handshake failed: ac-fqcyg3r-shard-00-00.vmxhzpl.mongodb.net:27017: [SSL: TLSV1_ALERT_INTERNAL_ERROR] tlsv1 alert internal error (_ssl.c:1000) (configured timeouts: socketTimeoutMS: 20000.0ms, connectTimeoutMS: 20000.0ms),SSL handshake failed: ac-fqcyg3r-shard-00-01.vmxhzpl.mongodb.net:27017: [SSL: TLSV1_ALERT_INTERNAL_ERROR] tlsv1 alert internal error (_ssl.c:1000) (configured timeouts: socketTimeoutMS: 20000.0ms, connectTimeoutMS: 20000.0ms),SSL handshake failed: ac-fqcyg3r-shard-00-02.vmxhzpl.mongodb.net:27017: [SSL: TLSV1_ALERT_INTERNAL_ERROR] tlsv1 alert internal error (_ssl.c:1000) (configured timeouts: socketTimeoutMS: 20000.0ms, connectTimeoutMS: 20000.0ms), Timeout: 5.0s, Topology Description: <TopologyDescription id: 6a5e1b1204b6f0193e638758, topology_type: ReplicaSetNoPrimary, servers: [<ServerDescription ('ac-fqcyg3r-shard-00-00.vmxhzpl.mongodb.net', 27017) server_type: Unknown, rtt: None, error=AutoReconnect('SSL handshake failed: ac-fqcyg3r-shard-00-00.vmxhzpl.mongodb.net:27017: [SSL: TLSV1_ALERT_INTERNAL_ERROR] tlsv1 alert internal error (_ssl.c:1000) (configured timeouts: socketTimeoutMS: 20000.0ms, connectTimeoutMS: 20000.0ms)')>, <ServerDescription ('ac-fqcyg3r-shard-00-01.vmxhzpl.mongodb.net', 27017) server_type: Unknown, rtt: None, error=AutoReconnect('SSL handshake failed: ac-fqcyg3r-shard-00-01.vmxhzpl.mongodb.net:27017: [SSL: TLSV1_ALERT_INTERNAL_ERROR] tlsv1 alert internal error (_ssl.c:1000) (configured timeouts: socketTimeoutMS: 20000.0ms, connectTimeoutMS: 20000.0ms)')>, <ServerDescription ('ac-fqcyg3r-shard-00-02.vmxhzpl.mongodb.net', 27017) server_type: Unknown, rtt: None, error=AutoReconnect('SSL handshake failed: ac-fqcyg3r-shard-00-02.vmxhzpl.mongodb.net:27017: [SSL: TLSV1_ALERT_INTERNAL_ERROR] tlsv1 alert internal error (_ssl.c:1000) (configured timeouts: socketTimeoutMS: 20000.0ms, connectTimeoutMS: 20000.0ms)')>]>
2026-07-20 18:27:13,359 - TribeIQPlatform - INFO - Loaded development environment configurations.
2026-07-20 18:27:13,359 - TribeIQPlatform - INFO - Initializing MongoDB client connection pool...
2026-07-20 18:27:18,658 - TribeIQPlatform - WARNING - MongoDB ping check failed: SSL handshake failed: ac-fqcyg3r-shard-00-02.vmxhzpl.mongodb.net:27017: [SSL: TLSV1_ALERT_INTERNAL_ERROR] tlsv1 alert internal error (_ssl.c:1000) (configured timeouts: socketTimeoutMS: 20000.0ms, connectTimeoutMS: 20000.0ms),SSL handshake failed: ac-fqcyg3r-shard-00-00.vmxhzpl.mongodb.net:27017: [SSL: TLSV1_ALERT_INTERNAL_ERROR] tlsv1 alert internal error (_ssl.c:1000) (configured timeouts: socketTimeoutMS: 20000.0ms, connectTimeoutMS: 20000.0ms),SSL handshake failed: ac-fqcyg3r-shard-00-01.vmxhzpl.mongodb.net:27017: [SSL: TLSV1_ALERT_INTERNAL_ERROR] tlsv1 alert internal error (_ssl.c:1000) (configured timeouts: socketTimeoutMS: 20000.0ms, connectTimeoutMS: 20000.0ms), Timeout: 5.0s, Topology Description: <TopologyDescription id: 6a5e1b293d7844c98bc07fb1, topology_type: ReplicaSetNoPrimary, servers: [<ServerDescription ('ac-fqcyg3r-shard-00-00.vmxhzpl.mongodb.net', 27017) server_type: Unknown, rtt: None, error=AutoReconnect('SSL handshake failed: ac-fqcyg3r-shard-00-00.vmxhzpl.mongodb.net:27017: [SSL: TLSV1_ALERT_INTERNAL_ERROR] tlsv1 alert internal error (_ssl.c:1000) (configured timeouts: socketTimeoutMS: 20000.0ms, connectTimeoutMS: 20000.0ms)')>, <ServerDescription ('ac-fqcyg3r-shard-00-01.vmxhzpl.mongodb.net', 27017) server_type: Unknown, rtt: None, error=AutoReconnect('SSL handshake failed: ac-fqcyg3r-shard-00-01.vmxhzpl.mongodb.net:27017: [SSL: TLSV1_ALERT_INTERNAL_ERROR] tlsv1 alert internal error (_ssl.c:1000) (configured timeouts: socketTimeoutMS: 20000.0ms, connectTimeoutMS: 20000.0ms)')>, <ServerDescription ('ac-fqcyg3r-shard-00-02.vmxhzpl.mongodb.net', 27017) server_type: Unknown, rtt: None, error=AutoReconnect('SSL handshake failed: ac-fqcyg3r-shard-00-02.vmxhzpl.mongodb.net:27017: [SSL: TLSV1_ALERT_INTERNAL_ERROR] tlsv1 alert internal error (_ssl.c:1000) (configured timeouts: socketTimeoutMS: 20000.0ms, connectTimeoutMS: 20000.0ms)')>]>
2026-07-20 18:27:18,660 - TribeIQPlatform - INFO - MongoDB client connected successfully.
2026-07-20 18:27:23,751 - TribeIQPlatform - WARNING - MongoDB ping check failed: SSL handshake failed: ac-fqcyg3r-shard-00-02.vmxhzpl.mongodb.net:27017: [SSL: TLSV1_ALERT_INTERNAL_ERROR] tlsv1 alert internal error (_ssl.c:1000) (configured timeouts: socketTimeoutMS: 20000.0ms, connectTimeoutMS: 20000.0ms),SSL handshake failed: ac-fqcyg3r-shard-00-00.vmxhzpl.mongodb.net:27017: [SSL: TLSV1_ALERT_INTERNAL_ERROR] tlsv1 alert internal error (_ssl.c:1000) (configured timeouts: socketTimeoutMS: 20000.0ms, connectTimeoutMS: 20000.0ms),SSL handshake failed: ac-fqcyg3r-shard-00-01.vmxhzpl.mongodb.net:27017: [SSL: TLSV1_ALERT_INTERNAL_ERROR] tlsv1 alert internal error (_ssl.c:1000) (configured timeouts: socketTimeoutMS: 20000.0ms, connectTimeoutMS: 20000.0ms), Timeout: 5.0s, Topology Description: <TopologyDescription id: 6a5e1b293d7844c98bc07fb1, topology_type: ReplicaSetNoPrimary, servers: [<ServerDescription ('ac-fqcyg3r-shard-00-00.vmxhzpl.mongodb.net', 27017) server_type: Unknown, rtt: None, error=AutoReconnect('SSL handshake failed: ac-fqcyg3r-shard-00-00.vmxhzpl.mongodb.net:27017: [SSL: TLSV1_ALERT_INTERNAL_ERROR] tlsv1 alert internal error (_ssl.c:1000) (configured timeouts: socketTimeoutMS: 20000.0ms, connectTimeoutMS: 20000.0ms)')>, <ServerDescription ('ac-fqcyg3r-shard-00-01.vmxhzpl.mongodb.net', 27017) server_type: Unknown, rtt: None, error=AutoReconnect('SSL handshake failed: ac-fqcyg3r-shard-00-01.vmxhzpl.mongodb.net:27017: [SSL: TLSV1_ALERT_INTERNAL_ERROR] tlsv1 alert internal error (_ssl.c:1000) (configured timeouts: socketTimeoutMS: 20000.0ms, connectTimeoutMS: 20000.0ms)')>, <ServerDescription ('ac-fqcyg3r-shard-00-02.vmxhzpl.mongodb.net', 27017) server_type: Unknown, rtt: None, error=AutoReconnect('SSL handshake failed: ac-fqcyg3r-shard-00-02.vmxhzpl.mongodb.net:27017: [SSL: TLSV1_ALERT_INTERNAL_ERROR] tlsv1 alert internal error (_ssl.c:1000) (configured timeouts: socketTimeoutMS: 20000.0ms, connectTimeoutMS: 20000.0ms)')>]>
2026-07-20 18:27:59,941 - TribeIQPlatform - INFO - Loaded development environment configurations.
2026-07-20 18:28:00,740 - TribeIQPlatform - INFO - Initializing MongoDB client connection pool...
2026-07-20 18:28:06,127 - TribeIQPlatform - WARNING - MongoDB ping check failed: SSL handshake failed: ac-fqcyg3r-shard-00-01.vmxhzpl.mongodb.net:27017: [SSL: TLSV1_ALERT_INTERNAL_ERROR] tlsv1 alert internal error (_ssl.c:1000) (configured timeouts: socketTimeoutMS: 20000.0ms, connectTimeoutMS: 20000.0ms),SSL handshake failed: ac-fqcyg3r-shard-00-02.vmxhzpl.mongodb.net:27017: [SSL: TLSV1_ALERT_INTERNAL_ERROR] tlsv1 alert internal error (_ssl.c:1000) (configured timeouts: socketTimeoutMS: 20000.0ms, connectTimeoutMS: 20000.0ms),SSL handshake failed: ac-fqcyg3r-shard-00-00.vmxhzpl.mongodb.net:27017: [SSL: TLSV1_ALERT_INTERNAL_ERROR] tlsv1 alert internal error (_ssl.c:1000) (configured timeouts: socketTimeoutMS: 20000.0ms, connectTimeoutMS: 20000.0ms), Timeout: 5.0s, Topology Description: <TopologyDescription id: 6a5e1b58aa4f3d4d369395c1, topology_type: ReplicaSetNoPrimary, servers: [<ServerDescription ('ac-fqcyg3r-shard-00-00.vmxhzpl.mongodb.net', 27017) server_type: Unknown, rtt: None, error=AutoReconnect('SSL handshake failed: ac-fqcyg3r-shard-00-00.vmxhzpl.mongodb.net:27017: [SSL: TLSV1_ALERT_INTERNAL_ERROR] tlsv1 alert internal error (_ssl.c:1000) (configured timeouts: socketTimeoutMS: 20000.0ms, connectTimeoutMS: 20000.0ms)')>, <ServerDescription ('ac-fqcyg3r-shard-00-01.vmxhzpl.mongodb.net', 27017) server_type: Unknown, rtt: None, error=AutoReconnect('SSL handshake failed: ac-fqcyg3r-shard-00-01.vmxhzpl.mongodb.net:27017: [SSL: TLSV1_ALERT_INTERNAL_ERROR] tlsv1 alert internal error (_ssl.c:1000) (configured timeouts: socketTimeoutMS: 20000.0ms, connectTimeoutMS: 20000.0ms)')>, <ServerDescription ('ac-fqcyg3r-shard-00-02.vmxhzpl.mongodb.net', 27017) server_type: Unknown, rtt: None, error=AutoReconnect('SSL handshake failed: ac-fqcyg3r-shard-00-02.vmxhzpl.mongodb.net:27017: [SSL: TLSV1_ALERT_INTERNAL_ERROR] tlsv1 alert internal error (_ssl.c:1000) (configured timeouts: socketTimeoutMS: 20000.0ms, connectTimeoutMS: 20000.0ms)')>]>
2026-07-20 18:28:06,128 - TribeIQPlatform - INFO - MongoDB client connected successfully.
2026-07-20 18:28:11,516 - TribeIQPlatform - WARNING - MongoDB ping check failed: SSL handshake failed: ac-fqcyg3r-shard-00-01.vmxhzpl.mongodb.net:27017: [SSL: TLSV1_ALERT_INTERNAL_ERROR] tlsv1 alert internal error (_ssl.c:1000) (configured timeouts: socketTimeoutMS: 20000.0ms, connectTimeoutMS: 20000.0ms),SSL handshake failed: ac-fqcyg3r-shard-00-02.vmxhzpl.mongodb.net:27017: [SSL: TLSV1_ALERT_INTERNAL_ERROR] tlsv1 alert internal error (_ssl.c:1000) (configured timeouts: socketTimeoutMS: 20000.0ms, connectTimeoutMS: 20000.0ms),SSL handshake failed: ac-fqcyg3r-shard-00-00.vmxhzpl.mongodb.net:27017: [SSL: TLSV1_ALERT_INTERNAL_ERROR] tlsv1 alert internal error (_ssl.c:1000) (configured timeouts: socketTimeoutMS: 20000.0ms, connectTimeoutMS: 20000.0ms), Timeout: 5.0s, Topology Description: <TopologyDescription id: 6a5e1b58aa4f3d4d369395c1, topology_type: ReplicaSetNoPrimary, servers: [<ServerDescription ('ac-fqcyg3r-shard-00-00.vmxhzpl.mongodb.net', 27017) server_type: Unknown, rtt: None, error=AutoReconnect('SSL handshake failed: ac-fqcyg3r-shard-00-00.vmxhzpl.mongodb.net:27017: [SSL: TLSV1_ALERT_INTERNAL_ERROR] tlsv1 alert internal error (_ssl.c:1000) (configured timeouts: socketTimeoutMS: 20000.0ms, connectTimeoutMS: 20000.0ms)')>, <ServerDescription ('ac-fqcyg3r-shard-00-01.vmxhzpl.mongodb.net', 27017) server_type: Unknown, rtt: None, error=AutoReconnect('SSL handshake failed: ac-fqcyg3r-shard-00-01.vmxhzpl.mongodb.net:27017: [SSL: TLSV1_ALERT_INTERNAL_ERROR] tlsv1 alert internal error (_ssl.c:1000) (configured timeouts: socketTimeoutMS: 20000.0ms, connectTimeoutMS: 20000.0ms)')>, <ServerDescription ('ac-fqcyg3r-shard-00-02.vmxhzpl.mongodb.net', 27017) server_type: Unknown, rtt: None, error=AutoReconnect('SSL handshake failed: ac-fqcyg3r-shard-00-02.vmxhzpl.mongodb.net:27017: [SSL: TLSV1_ALERT_INTERNAL_ERROR] tlsv1 alert internal error (_ssl.c:1000) (configured timeouts: socketTimeoutMS: 20000.0ms, connectTimeoutMS: 20000.0ms)')>]>
2026-07-20 18:28:21,260 - TribeIQPlatform - WARNING - MongoDB ping check failed: SSL handshake failed: ac-fqcyg3r-shard-00-01.vmxhzpl.mongodb.net:27017: [SSL: TLSV1_ALERT_INTERNAL_ERROR] tlsv1 alert internal error (_ssl.c:1000) (configured timeouts: socketTimeoutMS: 20000.0ms, connectTimeoutMS: 20000.0ms),SSL handshake failed: ac-fqcyg3r-shard-00-02.vmxhzpl.mongodb.net:27017: [SSL: TLSV1_ALERT_INTERNAL_ERROR] tlsv1 alert internal error (_ssl.c:1000) (configured timeouts: socketTimeoutMS: 20000.0ms, connectTimeoutMS: 20000.0ms),SSL handshake failed: ac-fqcyg3r-shard-00-00.vmxhzpl.mongodb.net:27017: [SSL: TLSV1_ALERT_INTERNAL_ERROR] tlsv1 alert internal error (_ssl.c:1000) (configured timeouts: socketTimeoutMS: 20000.0ms, connectTimeoutMS: 20000.0ms), Timeout: 5.0s, Topology Description: <TopologyDescription id: 6a5e1b58aa4f3d4d369395c1, topology_type: ReplicaSetNoPrimary, servers: [<ServerDescription ('ac-fqcyg3r-shard-00-00.vmxhzpl.mongodb.net', 27017) server_type: Unknown, rtt: None, error=AutoReconnect('SSL handshake failed: ac-fqcyg3r-shard-00-00.vmxhzpl.mongodb.net:27017: [SSL: TLSV1_ALERT_INTERNAL_ERROR] tlsv1 alert internal error (_ssl.c:1000) (configured timeouts: socketTimeoutMS: 20000.0ms, connectTimeoutMS: 20000.0ms)')>, <ServerDescription ('ac-fqcyg3r-shard-00-01.vmxhzpl.mongodb.net', 27017) server_type: Unknown, rtt: None, error=AutoReconnect('SSL handshake failed: ac-fqcyg3r-shard-00-01.vmxhzpl.mongodb.net:27017: [SSL: TLSV1_ALERT_INTERNAL_ERROR] tlsv1 alert internal error (_ssl.c:1000) (configured timeouts: socketTimeoutMS: 20000.0ms, connectTimeoutMS: 20000.0ms)')>, <ServerDescription ('ac-fqcyg3r-shard-00-02.vmxhzpl.mongodb.net', 27017) server_type: Unknown, rtt: None, error=AutoReconnect('SSL handshake failed: ac-fqcyg3r-shard-00-02.vmxhzpl.mongodb.net:27017: [SSL: TLSV1_ALERT_INTERNAL_ERROR] tlsv1 alert internal error (_ssl.c:1000) (configured timeouts: socketTimeoutMS: 20000.0ms, connectTimeoutMS: 20000.0ms)')>]>
2026-07-20 18:28:26,282 - TribeIQPlatform - WARNING - MongoDB ping check failed: SSL handshake failed: ac-fqcyg3r-shard-00-01.vmxhzpl.mongodb.net:27017: [SSL: TLSV1_ALERT_INTERNAL_ERROR] tlsv1 alert internal error (_ssl.c:1000) (configured timeouts: socketTimeoutMS: 20000.0ms, connectTimeoutMS: 20000.0ms),SSL handshake failed: ac-fqcyg3r-shard-00-02.vmxhzpl.mongodb.net:27017: [SSL: TLSV1_ALERT_INTERNAL_ERROR] tlsv1 alert internal error (_ssl.c:1000) (configured timeouts: socketTimeoutMS: 20000.0ms, connectTimeoutMS: 20000.0ms),SSL handshake failed: ac-fqcyg3r-shard-00-00.vmxhzpl.mongodb.net:27017: [SSL: TLSV1_ALERT_INTERNAL_ERROR] tlsv1 alert internal error (_ssl.c:1000) (configured timeouts: socketTimeoutMS: 20000.0ms, connectTimeoutMS: 20000.0ms), Timeout: 5.0s, Topology Description: <TopologyDescription id: 6a5e1b58aa4f3d4d369395c1, topology_type: ReplicaSetNoPrimary, servers: [<ServerDescription ('ac-fqcyg3r-shard-00-00.vmxhzpl.mongodb.net', 27017) server_type: Unknown, rtt: None, error=AutoReconnect('SSL handshake failed: ac-fqcyg3r-shard-00-00.vmxhzpl.mongodb.net:27017: [SSL: TLSV1_ALERT_INTERNAL_ERROR] tlsv1 alert internal error (_ssl.c:1000) (configured timeouts: socketTimeoutMS: 20000.0ms, connectTimeoutMS: 20000.0ms)')>, <ServerDescription ('ac-fqcyg3r-shard-00-01.vmxhzpl.mongodb.net', 27017) server_type: Unknown, rtt: None, error=AutoReconnect('SSL handshake failed: ac-fqcyg3r-shard-00-01.vmxhzpl.mongodb.net:27017: [SSL: TLSV1_ALERT_INTERNAL_ERROR] tlsv1 alert internal error (_ssl.c:1000) (configured timeouts: socketTimeoutMS: 20000.0ms, connectTimeoutMS: 20000.0ms)')>, <ServerDescription ('ac-fqcyg3r-shard-00-02.vmxhzpl.mongodb.net', 27017) server_type: Unknown, rtt: None, error=AutoReconnect('SSL handshake failed: ac-fqcyg3r-shard-00-02.vmxhzpl.mongodb.net:27017: [SSL: TLSV1_ALERT_INTERNAL_ERROR] tlsv1 alert internal error (_ssl.c:1000) (configured timeouts: socketTimeoutMS: 20000.0ms, connectTimeoutMS: 20000.0ms)')>]>
2026-07-20 18:29:45,807 - TribeIQPlatform - INFO - Loaded development environment configurations.
2026-07-20 18:29:47,327 - TribeIQPlatform - INFO - Initializing MongoDB client connection pool...
2026-07-20 18:29:53,033 - TribeIQPlatform - WARNING - MongoDB ping check failed: SSL handshake failed: ac-fqcyg3r-shard-00-00.vmxhzpl.mongodb.net:27017: [SSL: TLSV1_ALERT_INTERNAL_ERROR] tlsv1 alert internal error (_ssl.c:1000) (configured timeouts: socketTimeoutMS: 20000.0ms, connectTimeoutMS: 20000.0ms),SSL handshake failed: ac-fqcyg3r-shard-00-02.vmxhzpl.mongodb.net:27017: [SSL: TLSV1_ALERT_INTERNAL_ERROR] tlsv1 alert internal error (_ssl.c:1000) (configured timeouts: socketTimeoutMS: 20000.0ms, connectTimeoutMS: 20000.0ms),SSL handshake failed: ac-fqcyg3r-shard-00-01.vmxhzpl.mongodb.net:27017: [SSL: TLSV1_ALERT_INTERNAL_ERROR] tlsv1 alert internal error (_ssl.c:1000) (configured timeouts: socketTimeoutMS: 20000.0ms, connectTimeoutMS: 20000.0ms), Timeout: 5.0s, Topology Description: <TopologyDescription id: 6a5e1bc3dcb26f06d70acbad, topology_type: ReplicaSetNoPrimary, servers: [<ServerDescription ('ac-fqcyg3r-shard-00-00.vmxhzpl.mongodb.net', 27017) server_type: Unknown, rtt: None, error=AutoReconnect('SSL handshake failed: ac-fqcyg3r-shard-00-00.vmxhzpl.mongodb.net:27017: [SSL: TLSV1_ALERT_INTERNAL_ERROR] tlsv1 alert internal error (_ssl.c:1000) (configured timeouts: socketTimeoutMS: 20000.0ms, connectTimeoutMS: 20000.0ms)')>, <ServerDescription ('ac-fqcyg3r-shard-00-01.vmxhzpl.mongodb.net', 27017) server_type: Unknown, rtt: None, error=AutoReconnect('SSL handshake failed: ac-fqcyg3r-shard-00-01.vmxhzpl.mongodb.net:27017: [SSL: TLSV1_ALERT_INTERNAL_ERROR] tlsv1 alert internal error (_ssl.c:1000) (configured timeouts: socketTimeoutMS: 20000.0ms, connectTimeoutMS: 20000.0ms)')>, <ServerDescription ('ac-fqcyg3r-shard-00-02.vmxhzpl.mongodb.net', 27017) server_type: Unknown, rtt: None, error=AutoReconnect('SSL handshake failed: ac-fqcyg3r-shard-00-02.vmxhzpl.mongodb.net:27017: [SSL: TLSV1_ALERT_INTERNAL_ERROR] tlsv1 alert internal error (_ssl.c:1000) (configured timeouts: socketTimeoutMS: 20000.0ms, connectTimeoutMS: 20000.0ms)')>]>
2026-07-20 18:29:53,035 - TribeIQPlatform - INFO - MongoDB client connected successfully.
2026-07-20 18:31:44,403 - TribeIQPlatform - INFO - Loaded development environment configurations.
2026-07-20 18:31:44,405 - TribeIQPlatform - INFO - Initializing MongoDB client connection pool...
2026-07-20 18:31:49,720 - TribeIQPlatform - WARNING - MongoDB ping check failed: SSL handshake failed: ac-fqcyg3r-shard-00-02.vmxhzpl.mongodb.net:27017: [SSL: TLSV1_ALERT_INTERNAL_ERROR] tlsv1 alert internal error (_ssl.c:1000) (configured timeouts: socketTimeoutMS: 20000.0ms, connectTimeoutMS: 20000.0ms),SSL handshake failed: ac-fqcyg3r-shard-00-00.vmxhzpl.mongodb.net:27017: [SSL: TLSV1_ALERT_INTERNAL_ERROR] tlsv1 alert internal error (_ssl.c:1000) (configured timeouts: socketTimeoutMS: 20000.0ms, connectTimeoutMS: 20000.0ms),SSL handshake failed: ac-fqcyg3r-shard-00-01.vmxhzpl.mongodb.net:27017: [SSL: TLSV1_ALERT_INTERNAL_ERROR] tlsv1 alert internal error (_ssl.c:1000) (configured timeouts: socketTimeoutMS: 20000.0ms, connectTimeoutMS: 20000.0ms), Timeout: 5.0s, Topology Description: <TopologyDescription id: 6a5e1c389de50739be831c93, topology_type: ReplicaSetNoPrimary, servers: [<ServerDescription ('ac-fqcyg3r-shard-00-00.vmxhzpl.mongodb.net', 27017) server_type: Unknown, rtt: None, error=AutoReconnect('SSL handshake failed: ac-fqcyg3r-shard-00-00.vmxhzpl.mongodb.net:27017: [SSL: TLSV1_ALERT_INTERNAL_ERROR] tlsv1 alert internal error (_ssl.c:1000) (configured timeouts: socketTimeoutMS: 20000.0ms, connectTimeoutMS: 20000.0ms)')>, <ServerDescription ('ac-fqcyg3r-shard-00-01.vmxhzpl.mongodb.net', 27017) server_type: Unknown, rtt: None, error=AutoReconnect('SSL handshake failed: ac-fqcyg3r-shard-00-01.vmxhzpl.mongodb.net:27017: [SSL: TLSV1_ALERT_INTERNAL_ERROR] tlsv1 alert internal error (_ssl.c:1000) (configured timeouts: socketTimeoutMS: 20000.0ms, connectTimeoutMS: 20000.0ms)')>, <ServerDescription ('ac-fqcyg3r-shard-00-02.vmxhzpl.mongodb.net', 27017) server_type: Unknown, rtt: None, error=AutoReconnect('SSL handshake failed: ac-fqcyg3r-shard-00-02.vmxhzpl.mongodb.net:27017: [SSL: TLSV1_ALERT_INTERNAL_ERROR] tlsv1 alert internal error (_ssl.c:1000) (configured timeouts: socketTimeoutMS: 20000.0ms, connectTimeoutMS: 20000.0ms)')>]>
2026-07-20 18:31:49,722 - TribeIQPlatform - INFO - MongoDB client connected successfully.
2026-07-20 18:32:02,657 - TribeIQPlatform - INFO - Loaded development environment configurations.
2026-07-20 18:32:03,979 - TribeIQPlatform - INFO - Initializing MongoDB client connection pool...
2026-07-20 18:32:09,461 - TribeIQPlatform - WARNING - MongoDB ping check failed: SSL handshake failed: ac-fqcyg3r-shard-00-00.vmxhzpl.mongodb.net:27017: [SSL: TLSV1_ALERT_INTERNAL_ERROR] tlsv1 alert internal error (_ssl.c:1000) (configured timeouts: socketTimeoutMS: 20000.0ms, connectTimeoutMS: 20000.0ms),SSL handshake failed: ac-fqcyg3r-shard-00-02.vmxhzpl.mongodb.net:27017: [SSL: TLSV1_ALERT_INTERNAL_ERROR] tlsv1 alert internal error (_ssl.c:1000) (configured timeouts: socketTimeoutMS: 20000.0ms, connectTimeoutMS: 20000.0ms),SSL handshake failed: ac-fqcyg3r-shard-00-01.vmxhzpl.mongodb.net:27017: [SSL: TLSV1_ALERT_INTERNAL_ERROR] tlsv1 alert internal error (_ssl.c:1000) (configured timeouts: socketTimeoutMS: 20000.0ms, connectTimeoutMS: 20000.0ms), Timeout: 5.0s, Topology Description: <TopologyDescription id: 6a5e1c4b6789ac9de8246828, topology_type: ReplicaSetNoPrimary, servers: [<ServerDescription ('ac-fqcyg3r-shard-00-00.vmxhzpl.mongodb.net', 27017) server_type: Unknown, rtt: None, error=AutoReconnect('SSL handshake failed: ac-fqcyg3r-shard-00-00.vmxhzpl.mongodb.net:27017: [SSL: TLSV1_ALERT_INTERNAL_ERROR] tlsv1 alert internal error (_ssl.c:1000) (configured timeouts: socketTimeoutMS: 20000.0ms, connectTimeoutMS: 20000.0ms)')>, <ServerDescription ('ac-fqcyg3r-shard-00-01.vmxhzpl.mongodb.net', 27017) server_type: Unknown, rtt: None, error=AutoReconnect('SSL handshake failed: ac-fqcyg3r-shard-00-01.vmxhzpl.mongodb.net:27017: [SSL: TLSV1_ALERT_INTERNAL_ERROR] tlsv1 alert internal error (_ssl.c:1000) (configured timeouts: socketTimeoutMS: 20000.0ms, connectTimeoutMS: 20000.0ms)')>, <ServerDescription ('ac-fqcyg3r-shard-00-02.vmxhzpl.mongodb.net', 27017) server_type: Unknown, rtt: None, error=AutoReconnect('SSL handshake failed: ac-fqcyg3r-shard-00-02.vmxhzpl.mongodb.net:27017: [SSL: TLSV1_ALERT_INTERNAL_ERROR] tlsv1 alert internal error (_ssl.c:1000) (configured timeouts: socketTimeoutMS: 20000.0ms, connectTimeoutMS: 20000.0ms)')>]>
2026-07-20 18:32:09,463 - TribeIQPlatform - INFO - MongoDB client connected successfully.
2026-07-21 11:04:50,444 - TribeIQPlatform - INFO - Loaded development environment configurations.
2026-07-21 11:04:50,920 - TribeIQPlatform - INFO - Initializing MongoDB client connection pool...
2026-07-21 11:04:51,504 - TribeIQPlatform - INFO - MongoDB client connected successfully.
2026-07-21 11:04:53,223 - TribeIQPlatform - INFO - User created: 'test_user_auth' with role 'Community Manager' by administrator.
2026-07-21 11:04:54,089 - TribeIQPlatform - INFO - Successful login: User 'test_user_auth' logged in.
2026-07-21 11:04:54,503 - TribeIQPlatform - WARNING - Failed login attempt: Incorrect password for user 'test_user_auth'.
2026-07-21 11:04:54,913 - TribeIQPlatform - WARNING - Failed login attempt: Incorrect password for user 'test_user_auth'.
2026-07-21 11:04:55,629 - TribeIQPlatform - WARNING - Failed login attempt: Incorrect password for user 'test_user_auth'.
2026-07-21 11:04:56,028 - TribeIQPlatform - WARNING - Failed login attempt: Incorrect password for user 'test_user_auth'.
2026-07-21 11:04:56,398 - TribeIQPlatform - WARNING - Account locked: User 'test_user_auth' reached max failed attempts.
2026-07-21 11:25:35,023 - TribeIQPlatform - INFO - Loaded development environment configurations.
2026-07-21 11:25:35,141 - TribeIQPlatform - INFO - Initializing MongoDB client connection pool...
2026-07-21 11:25:35,533 - TribeIQPlatform - INFO - MongoDB client connected successfully.
2026-07-21 11:25:54,212 - TribeIQPlatform - INFO - Loaded development environment configurations.
2026-07-21 11:25:54,215 - TribeIQPlatform - INFO - Initializing MongoDB client connection pool...
2026-07-21 11:25:54,707 - TribeIQPlatform - INFO - MongoDB client connected successfully.
2026-07-21 11:26:04,953 - TribeIQPlatform - WARNING - Failed login attempt: User 'Admin' not found.
2026-07-21 11:28:22,819 - TribeIQPlatform - INFO - Loaded development environment configurations.
2026-07-21 11:28:22,829 - TribeIQPlatform - INFO - Initializing MongoDB client connection pool...
2026-07-21 11:28:23,252 - TribeIQPlatform - INFO - MongoDB client connected successfully.
2026-07-21 11:28:38,513 - TribeIQPlatform - INFO - Loaded development environment configurations.
2026-07-21 11:28:38,513 - TribeIQPlatform - INFO - Initializing MongoDB client connection pool...
2026-07-21 11:28:38,862 - TribeIQPlatform - INFO - MongoDB client connected successfully.
2026-07-21 11:30:30,738 - TribeIQPlatform - INFO - Loaded development environment configurations.
2026-07-21 11:30:30,893 - TribeIQPlatform - INFO - Initializing MongoDB client connection pool...
2026-07-21 11:30:31,238 - TribeIQPlatform - INFO - MongoDB client connected successfully.
2026-07-21 11:30:31,626 - TribeIQPlatform - ERROR - Error verifying password: Invalid salt
2026-07-21 11:30:31,626 - TribeIQPlatform - ERROR - Error verifying password: Invalid salt
2026-07-21 11:30:31,626 - TribeIQPlatform - ERROR - Error verifying password: Invalid salt
2026-07-21 11:30:31,629 - TribeIQPlatform - ERROR - Error verifying password: Invalid salt
2026-07-21 11:30:31,629 - TribeIQPlatform - ERROR - Error verifying password: Invalid salt
2026-07-21 11:30:31,629 - TribeIQPlatform - ERROR - Error verifying password: Invalid salt
2026-07-21 11:30:31,629 - TribeIQPlatform - ERROR - Error verifying password: Invalid salt
2026-07-21 11:30:31,629 - TribeIQPlatform - ERROR - Error verifying password: Invalid salt
2026-07-21 11:30:44,386 - TribeIQPlatform - INFO - Loaded development environment configurations.
2026-07-21 11:30:44,535 - TribeIQPlatform - INFO - Initializing MongoDB client connection pool...
2026-07-21 11:30:44,857 - TribeIQPlatform - INFO - MongoDB client connected successfully.
2026-07-21 11:30:45,480 - TribeIQPlatform - INFO - Password reset success for user_id: 6a5e16a9c208c45595c37c6d
2026-07-21 11:30:53,955 - TribeIQPlatform - INFO - Loaded development environment configurations.
2026-07-21 11:30:54,100 - TribeIQPlatform - INFO - Initializing MongoDB client connection pool...
2026-07-21 11:30:54,411 - TribeIQPlatform - INFO - MongoDB client connected successfully.
2026-07-21 11:30:55,045 - TribeIQPlatform - INFO - Successful login: User 'admin' logged in.
2026-07-21 11:36:58,328 - TribeIQPlatform - INFO - Successful login: User 'admin' logged in.
2026-07-21 11:43:29,994 - TribeIQPlatform - INFO - Loaded development environment configurations.
2026-07-21 11:43:30,094 - TribeIQPlatform - INFO - Initializing MongoDB client connection pool...
2026-07-21 11:43:30,415 - TribeIQPlatform - INFO - MongoDB client connected successfully.
2026-07-21 12:01:42,082 - TribeIQPlatform - INFO - Loaded development environment configurations.
2026-07-21 12:01:42,422 - TribeIQPlatform - INFO - Initializing MongoDB client connection pool...
2026-07-21 12:01:42,805 - TribeIQPlatform - INFO - MongoDB client connected successfully.
2026-07-21 12:02:26,408 - TribeIQPlatform - INFO - Loaded development environment configurations.
2026-07-21 12:02:26,543 - TribeIQPlatform - INFO - Initializing MongoDB client connection pool...
2026-07-21 12:02:27,023 - TribeIQPlatform - INFO - MongoDB client connected successfully.
2026-07-21 12:02:37,368 - TribeIQPlatform - INFO - Successful login: User 'admin' logged in.
2026-07-21 12:05:21,964 - TribeIQPlatform - INFO - Loaded development environment configurations.
2026-07-21 12:05:22,046 - TribeIQPlatform - INFO - Initializing MongoDB client connection pool...
2026-07-21 12:05:22,461 - TribeIQPlatform - INFO - MongoDB client connected successfully.
2026-07-21 12:05:53,285 - TribeIQPlatform - INFO - Loaded development environment configurations.
2026-07-21 12:05:53,371 - TribeIQPlatform - INFO - Initializing MongoDB client connection pool...
2026-07-21 12:05:53,768 - TribeIQPlatform - INFO - MongoDB client connected successfully.
2026-07-21 12:12:41,498 - TribeIQPlatform - INFO - Loaded development environment configurations.
2026-07-21 12:12:59,626 - TribeIQPlatform - INFO - Loaded development environment configurations.
2026-07-21 12:12:59,630 - TribeIQPlatform - INFO - Initializing MongoDB client connection pool...
2026-07-21 12:13:00,987 - TribeIQPlatform - INFO - MongoDB client connected successfully.
2026-07-21 12:18:35,870 - TribeIQPlatform - INFO - Loaded development environment configurations.
2026-07-21 12:18:36,936 - TribeIQPlatform - INFO - Initializing MongoDB client connection pool...
2026-07-21 12:18:38,036 - TribeIQPlatform - INFO - MongoDB client connected successfully.
2026-07-21 12:20:44,853 - TribeIQPlatform - INFO - Loaded development environment configurations.
2026-07-21 12:20:46,049 - TribeIQPlatform - INFO - Initializing MongoDB client connection pool...
2026-07-21 12:20:47,215 - TribeIQPlatform - INFO - MongoDB client connected successfully.
2026-07-21 12:42:41,446 - TribeIQPlatform - INFO - Loaded development environment configurations.
2026-07-21 12:42:41,739 - TribeIQPlatform - INFO - Initializing MongoDB client connection pool...
2026-07-21 12:42:44,523 - TribeIQPlatform - INFO - MongoDB client connected successfully.
2026-07-21 12:42:55,369 - TribeIQPlatform - INFO - Successful login: User 'admin' logged in.
2026-07-21 12:43:04,736 - TribeIQPlatform - INFO - Loaded development environment configurations.
2026-07-21 12:43:04,739 - TribeIQPlatform - INFO - Initializing MongoDB client connection pool...
2026-07-21 12:43:07,053 - TribeIQPlatform - INFO - MongoDB client connected successfully.
2026-07-21 12:43:12,027 - TribeIQPlatform - INFO - Loaded development environment configurations.
2026-07-21 12:43:12,047 - TribeIQPlatform - INFO - Initializing MongoDB client connection pool...
2026-07-21 12:43:14,224 - TribeIQPlatform - INFO - MongoDB client connected successfully.
2026-07-21 12:46:08,277 - TribeIQPlatform - INFO - Successful login: User 'admin' logged in.
2026-07-21 12:48:23,726 - TribeIQPlatform - INFO - Loaded development environment configurations.
2026-07-21 12:48:24,767 - TribeIQPlatform - INFO - Initializing MongoDB client connection pool...
2026-07-21 12:48:25,782 - TribeIQPlatform - INFO - MongoDB client connected successfully.
2026-07-21 12:49:19,597 - TribeIQPlatform - INFO - Successful login: User 'admin' logged in.
2026-07-21 12:49:54,927 - TribeIQPlatform - INFO - Loaded development environment configurations.
2026-07-21 12:49:55,126 - TribeIQPlatform - INFO - Initializing MongoDB client connection pool...
2026-07-21 12:49:56,184 - TribeIQPlatform - INFO - MongoDB client connected successfully.
2026-07-21 12:50:10,548 - TribeIQPlatform - INFO - Successful login: User 'admin' logged in.
2026-07-21 12:51:30,856 - TribeIQPlatform - INFO - Loaded development environment configurations.
2026-07-21 12:51:32,134 - TribeIQPlatform - INFO - Initializing MongoDB client connection pool...
2026-07-21 12:51:33,403 - TribeIQPlatform - INFO - MongoDB client connected successfully.
2026-07-21 12:55:38,813 - TribeIQPlatform - INFO - Loaded development environment configurations.
2026-07-21 12:55:39,993 - TribeIQPlatform - INFO - Initializing MongoDB client connection pool...
2026-07-21 12:55:41,235 - TribeIQPlatform - INFO - MongoDB client connected successfully.
2026-07-21 12:57:11,770 - TribeIQPlatform - INFO - Loaded development environment configurations.
2026-07-21 12:57:12,083 - TribeIQPlatform - INFO - Initializing MongoDB client connection pool...
2026-07-21 12:57:14,534 - TribeIQPlatform - INFO - MongoDB client connected successfully.
2026-07-21 12:57:22,800 - TribeIQPlatform - INFO - Successful login: User 'admin' logged in.
